<?xml version="1.0" encoding="UTF-8"?>
<!-- Generated by org.testng.reporters.JUnitReportReporter -->
<testsuite skipped="0" hostname="Harmeets-MacBook.local" name="com.Facebook.TestCases.signUpTestcases" tests="1" failures="0" timestamp="16 Jul 2018 05:39:11 GMT" time="13.039" errors="0">
  <testcase name="verifyReceipelink" time="13.039" classname="com.Facebook.TestCases.signUpTestcases"/>
</testsuite> <!-- com.Facebook.TestCases.signUpTestcases -->
